# JRE version: Java(TM) SE Runtime Environment (17.0.2+8) (build 17.0.2+8-LTS-86)
# Java VM: Java HotSpot(TM) 64-Bit Server VM (17.0.2+8-LTS-86, mixed mode, sharing, tiered, compressed oops, compressed class ptrs, g1 gc, windows-amd64)
GC Precious Log:
 CPUs: 2 total, 2 available
 Memory: 3914M
 Large Page Support: Disabled
 NUMA Support: Disabled
 Compressed Oops: Enabled (32-bit)
 Heap Region Size: 1M
 Heap Min Capacity: 8M
 Heap Initial Capacity: 8M
 Heap Max Capacity: 980M
 Pre-touch: Disabled
 Parallel Workers: 2
 Concurrent Workers: 1
 Concurrent Refinement Workers: 2
 Periodic GC: Disabled
Heap:
 garbage-first heap   total 20480K, used 8414K [0x00000000c2c00000, 0x0000000100000000)
  region size 1024K, 2 young (2048K), 1 survivors (1024K)
 Metaspace       used 9217K, committed 9408K, reserved 1064960K
  class space    used 1052K, committed 1152K, reserved 1048576K
GC Heap History (20 events):
Event: 6.872 GC heap before
{Heap before GC invocations=11 (full 0):
 garbage-first heap   total 10240K, used 5330K [0x00000000c2c00000, 0x0000000100000000)
  region size 1024K, 2 young (2048K), 1 survivors (1024K)
 Metaspace       used 8927K, committed 9152K, reserved 1064960K
  class space    used 1026K, committed 1152K, reserved 1048576K
}
Event: 6.874 GC heap after
{Heap after GC invocations=12 (full 0):
 garbage-first heap   total 10240K, used 4456K [0x00000000c2c00000, 0x0000000100000000)
  region size 1024K, 1 young (1024K), 1 survivors (1024K)
 Metaspace       used 8927K, committed 9152K, reserved 1064960K
  class space    used 1026K, committed 1152K, reserved 1048576K
}
Event: 7.105 GC heap before
{Heap before GC invocations=12 (full 0):
 garbage-first heap   total 10240K, used 5480K [0x00000000c2c00000, 0x0000000100000000)
  region size 1024K, 2 young (2048K), 1 survivors (1024K)
 Metaspace       used 8990K, committed 9216K, reserved 1064960K
  class space    used 1029K, committed 1152K, reserved 1048576K
}
Event: 7.109 GC heap after
{Heap after GC invocations=13 (full 0):
 garbage-first heap   total 10240K, used 4681K [0x00000000c2c00000, 0x0000000100000000)
  region size 1024K, 1 young (1024K), 1 survivors (1024K)
 Metaspace       used 8990K, committed 9216K, reserved 1064960K
  class space    used 1029K, committed 1152K, reserved 1048576K
}
Event: 7.135 GC heap before
{Heap before GC invocations=13 (full 0):
 garbage-first heap   total 10240K, used 6729K [0x00000000c2c00000, 0x0000000100000000)
  region size 1024K, 3 young (3072K), 1 survivors (1024K)
 Metaspace       used 8999K, committed 9216K, reserved 1064960K
  class space    used 1029K, committed 1152K, reserved 1048576K
}
Event: 7.137 GC heap after
{Heap after GC invocations=14 (full 0):
 garbage-first heap   total 10240K, used 5077K [0x00000000c2c00000, 0x0000000100000000)
  region size 1024K, 1 young (1024K), 1 survivors (1024K)
 Metaspace       used 8999K, committed 9216K, reserved 1064960K
  class space    used 1029K, committed 1152K, reserved 1048576K
}
Event: 7.143 GC heap before
{Heap before GC invocations=14 (full 0):
 garbage-first heap   total 10240K, used 6101K [0x00000000c2c00000, 0x0000000100000000)
  region size 1024K, 2 young (2048K), 1 survivors (1024K)
 Metaspace       used 8999K, committed 9216K, reserved 1064960K
  class space    used 1029K, committed 1152K, reserved 1048576K
}
Event: 7.148 GC heap after
{Heap after GC invocations=15 (full 0):
 garbage-first heap   total 14336K, used 5171K [0x00000000c2c00000, 0x0000000100000000)
  region size 1024K, 1 young (1024K), 1 survivors (1024K)
 Metaspace       used 8999K, committed 9216K, reserved 1064960K
  class space    used 1029K, committed 1152K, reserved 1048576K
}
Event: 7.495 GC heap before
{Heap before GC invocations=16 (full 0):
 garbage-first heap   total 14336K, used 8243K [0x00000000c2c00000, 0x0000000100000000)
  region size 1024K, 4 young (4096K), 1 survivors (1024K)
 Metaspace       used 9063K, committed 9280K, reserved 1064960K
  class space    used 1035K, committed 1152K, reserved 1048576K
}
Event: 7.502 GC heap after
{Heap after GC invocations=17 (full 0):
 garbage-first heap   total 14336K, used 5761K [0x00000000c2c00000, 0x0000000100000000)
  region size 1024K, 1 young (1024K), 1 survivors (1024K)
 Metaspace       used 9063K, committed 9280K, reserved 1064960K
  class space    used 1035K, committed 1152K, reserved 1048576K
}
Event: 7.751 GC heap before
{Heap before GC invocations=17 (full 0):
 garbage-first heap   total 14336K, used 8833K [0x00000000c2c00000, 0x0000000100000000)
  region size 1024K, 4 young (4096K), 1 survivors (1024K)
 Metaspace       used 9066K, committed 9280K, reserved 1064960K
  class space    used 1035K, committed 1152K, reserved 1048576K
}
Event: 7.775 GC heap after
{Heap after GC invocations=18 (full 0):
 garbage-first heap   total 14336K, used 6303K [0x00000000c2c00000, 0x0000000100000000)
  region size 1024K, 1 young (1024K), 1 survivors (1024K)
 Metaspace       used 9066K, committed 9280K, reserved 1064960K
  class space    used 1035K, committed 1152K, reserved 1048576K
}
Event: 8.060 GC heap before
{Heap before GC invocations=18 (full 0):
 garbage-first heap   total 14336K, used 8351K [0x00000000c2c00000, 0x0000000100000000)
  region size 1024K, 3 young (3072K), 1 survivors (1024K)
 Metaspace       used 9145K, committed 9344K, reserved 1064960K
  class space    used 1048K, committed 1152K, reserved 1048576K
}
Event: 8.063 GC heap after
{Heap after GC invocations=19 (full 0):
 garbage-first heap   total 14336K, used 6822K [0x00000000c2c00000, 0x0000000100000000)
  region size 1024K, 1 young (1024K), 1 survivors (1024K)
 Metaspace       used 9145K, committed 9344K, reserved 1064960K
  class space    used 1048K, committed 1152K, reserved 1048576K
}
Event: 8.074 GC heap before
{Heap before GC invocations=19 (full 0):
 garbage-first heap   total 14336K, used 8870K [0x00000000c2c00000, 0x0000000100000000)
  region size 1024K, 3 young (3072K), 1 survivors (1024K)
 Metaspace       used 9146K, committed 9344K, reserved 1064960K
  class space    used 1048K, committed 1152K, reserved 1048576K
}
Event: 8.078 GC heap after
{Heap after GC invocations=20 (full 0):
 garbage-first heap   total 14336K, used 7400K [0x00000000c2c00000, 0x0000000100000000)
  region size 1024K, 1 young (1024K), 1 survivors (1024K)
 Metaspace       used 9146K, committed 9344K, reserved 1064960K
  class space    used 1048K, committed 1152K, reserved 1048576K
}
Event: 8.282 GC heap before
{Heap before GC invocations=21 (full 0):
 garbage-first heap   total 15360K, used 9448K [0x00000000c2c00000, 0x0000000100000000)
  region size 1024K, 3 young (3072K), 1 survivors (1024K)
 Metaspace       used 9156K, committed 9344K, reserved 1064960K
  class space    used 1048K, committed 1152K, reserved 1048576K
}
Event: 8.286 GC heap after
{Heap after GC invocations=22 (full 0):
 garbage-first heap   total 15360K, used 8040K [0x00000000c2c00000, 0x0000000100000000)
  region size 1024K, 1 young (1024K), 1 survivors (1024K)
 Metaspace       used 9156K, committed 9344K, reserved 1064960K
  class space    used 1048K, committed 1152K, reserved 1048576K
}
Event: 8.399 GC heap before
{Heap before GC invocations=22 (full 0):
 garbage-first heap   total 15360K, used 10088K [0x00000000c2c00000, 0x0000000100000000)
  region size 1024K, 3 young (3072K), 1 survivors (1024K)
 Metaspace       used 9194K, committed 9408K, reserved 1064960K
  class space    used 1052K, committed 1152K, reserved 1048576K
}
Event: 8.403 GC heap after
{Heap after GC invocations=23 (full 0):
 garbage-first heap   total 20480K, used 8414K [0x00000000c2c00000, 0x0000000100000000)
  region size 1024K, 1 young (1024K), 1 survivors (1024K)
 Metaspace       used 9194K, committed 9408K, reserved 1064960K
  class space    used 1052K, committed 1152K, reserved 1048576K
}

