# JRE version: Java(TM) SE Runtime Environment (17.0.2+8) (build 17.0.2+8-LTS-86)
# Java VM: Java HotSpot(TM) 64-Bit Server VM (17.0.2+8-LTS-86, mixed mode, sharing, tiered, compressed oops, compressed class ptrs, g1 gc, windows-amd64)
GC Precious Log:
 CPUs: 2 total, 2 available
 Memory: 3914M
 Large Page Support: Disabled
 NUMA Support: Disabled
 Compressed Oops: Enabled (32-bit)
 Heap Region Size: 1M
 Heap Min Capacity: 8M
 Heap Initial Capacity: 8M
 Heap Max Capacity: 980M
 Pre-touch: Disabled
 Parallel Workers: 2
 Concurrent Workers: 1
 Concurrent Refinement Workers: 2
 Periodic GC: Disabled
Heap:
 garbage-first heap   total 8192K, used 4387K [0x00000000c2c00000, 0x0000000100000000)
  region size 1024K, 1 young (1024K), 1 survivors (1024K)
 Metaspace       used 8832K, committed 9024K, reserved 1064960K
  class space    used 1011K, committed 1152K, reserved 1048576K
GC Heap History (17 events):
Event: 1.068 GC heap before
{Heap before GC invocations=0 (full 0):
 garbage-first heap   total 8192K, used 3072K [0x00000000c2c00000, 0x0000000100000000)
  region size 1024K, 3 young (3072K), 0 survivors (0K)
 Metaspace       used 2811K, committed 3008K, reserved 1056768K
  class space    used 351K, committed 448K, reserved 1048576K
}
Event: 1.114 GC heap after
{Heap after GC invocations=1 (full 0):
 garbage-first heap   total 8192K, used 1156K [0x00000000c2c00000, 0x0000000100000000)
  region size 1024K, 1 young (1024K), 1 survivors (1024K)
 Metaspace       used 2811K, committed 3008K, reserved 1056768K
  class space    used 351K, committed 448K, reserved 1048576K
}
Event: 1.778 GC heap before
{Heap before GC invocations=1 (full 0):
 garbage-first heap   total 8192K, used 2180K [0x00000000c2c00000, 0x0000000100000000)
  region size 1024K, 2 young (2048K), 1 survivors (1024K)
 Metaspace       used 5179K, committed 5376K, reserved 1056768K
  class space    used 633K, committed 704K, reserved 1048576K
}
Event: 1.782 GC heap after
{Heap after GC invocations=2 (full 0):
 garbage-first heap   total 8192K, used 1766K [0x00000000c2c00000, 0x0000000100000000)
  region size 1024K, 1 young (1024K), 1 survivors (1024K)
 Metaspace       used 5179K, committed 5376K, reserved 1056768K
  class space    used 633K, committed 704K, reserved 1048576K
}
Event: 2.130 GC heap before
{Heap before GC invocations=2 (full 0):
 garbage-first heap   total 8192K, used 2790K [0x00000000c2c00000, 0x0000000100000000)
  region size 1024K, 2 young (2048K), 1 survivors (1024K)
 Metaspace       used 6638K, committed 6784K, reserved 1064960K
  class space    used 801K, committed 896K, reserved 1048576K
}
Event: 2.132 GC heap after
{Heap after GC invocations=3 (full 0):
 garbage-first heap   total 8192K, used 2152K [0x00000000c2c00000, 0x0000000100000000)
  region size 1024K, 1 young (1024K), 1 survivors (1024K)
 Metaspace       used 6638K, committed 6784K, reserved 1064960K
  class space    used 801K, committed 896K, reserved 1048576K
}
Event: 2.450 GC heap before
{Heap before GC invocations=3 (full 0):
 garbage-first heap   total 8192K, used 3176K [0x00000000c2c00000, 0x0000000100000000)
  region size 1024K, 2 young (2048K), 1 survivors (1024K)
 Metaspace       used 7676K, committed 7872K, reserved 1064960K
  class space    used 875K, committed 960K, reserved 1048576K
}
Event: 2.452 GC heap after
{Heap after GC invocations=4 (full 0):
 garbage-first heap   total 8192K, used 2473K [0x00000000c2c00000, 0x0000000100000000)
  region size 1024K, 1 young (1024K), 1 survivors (1024K)
 Metaspace       used 7676K, committed 7872K, reserved 1064960K
  class space    used 875K, committed 960K, reserved 1048576K
}
Event: 2.669 GC heap before
{Heap before GC invocations=4 (full 0):
 garbage-first heap   total 8192K, used 3497K [0x00000000c2c00000, 0x0000000100000000)
  region size 1024K, 2 young (2048K), 1 survivors (1024K)
 Metaspace       used 8008K, committed 8192K, reserved 1064960K
  class space    used 907K, committed 1024K, reserved 1048576K
}
Event: 2.672 GC heap after
{Heap after GC invocations=5 (full 0):
 garbage-first heap   total 8192K, used 2852K [0x00000000c2c00000, 0x0000000100000000)
  region size 1024K, 1 young (1024K), 1 survivors (1024K)
 Metaspace       used 8008K, committed 8192K, reserved 1064960K
  class space    used 907K, committed 1024K, reserved 1048576K
}
Event: 2.778 GC heap before
{Heap before GC invocations=5 (full 0):
 garbage-first heap   total 8192K, used 3876K [0x00000000c2c00000, 0x0000000100000000)
  region size 1024K, 2 young (2048K), 1 survivors (1024K)
 Metaspace       used 8168K, committed 8320K, reserved 1064960K
  class space    used 929K, committed 1024K, reserved 1048576K
}
Event: 2.781 GC heap after
{Heap after GC invocations=6 (full 0):
 garbage-first heap   total 8192K, used 3280K [0x00000000c2c00000, 0x0000000100000000)
  region size 1024K, 1 young (1024K), 1 survivors (1024K)
 Metaspace       used 8168K, committed 8320K, reserved 1064960K
  class space    used 929K, committed 1024K, reserved 1048576K
}
Event: 3.157 GC heap before
{Heap before GC invocations=6 (full 0):
 garbage-first heap   total 8192K, used 4304K [0x00000000c2c00000, 0x0000000100000000)
  region size 1024K, 2 young (2048K), 1 survivors (1024K)
 Metaspace       used 8539K, committed 8704K, reserved 1064960K
  class space    used 981K, committed 1024K, reserved 1048576K
}
Event: 3.161 GC heap after
{Heap after GC invocations=7 (full 0):
 garbage-first heap   total 8192K, used 4051K [0x00000000c2c00000, 0x0000000100000000)
  region size 1024K, 1 young (1024K), 1 survivors (1024K)
 Metaspace       used 8539K, committed 8704K, reserved 1064960K
  class space    used 981K, committed 1024K, reserved 1048576K
}
Event: 3.365 GC heap before
{Heap before GC invocations=7 (full 0):
 garbage-first heap   total 8192K, used 5075K [0x00000000c2c00000, 0x0000000100000000)
  region size 1024K, 2 young (2048K), 1 survivors (1024K)
 Metaspace       used 8802K, committed 9024K, reserved 1064960K
  class space    used 1011K, committed 1152K, reserved 1048576K
}
Event: 3.368 GC heap after
{Heap after GC invocations=8 (full 0):
 garbage-first heap   total 8192K, used 4130K [0x00000000c2c00000, 0x0000000100000000)
  region size 1024K, 1 young (1024K), 1 survivors (1024K)
 Metaspace       used 8802K, committed 9024K, reserved 1064960K
  class space    used 1011K, committed 1152K, reserved 1048576K
}
Event: 3.399 GC heap before
{Heap before GC invocations=8 (full 0):
 garbage-first heap   total 8192K, used 4130K [0x00000000c2c00000, 0x0000000100000000)
  region size 1024K, 2 young (2048K), 1 survivors (1024K)
 Metaspace       used 8832K, committed 9024K, reserved 1064960K
  class space    used 1011K, committed 1152K, reserved 1048576K
}

