# JRE version: Java(TM) SE Runtime Environment (17.0.2+8) (build 17.0.2+8-LTS-86)
# Java VM: Java HotSpot(TM) 64-Bit Server VM (17.0.2+8-LTS-86, mixed mode, sharing, tiered, compressed oops, compressed class ptrs, g1 gc, windows-amd64)
GC Precious Log:
 CPUs: 2 total, 2 available
 Memory: 3914M
 Large Page Support: Disabled
 NUMA Support: Disabled
 Compressed Oops: Enabled (32-bit)
 Heap Region Size: 1M
 Heap Min Capacity: 8M
 Heap Initial Capacity: 8M
 Heap Max Capacity: 980M
 Pre-touch: Disabled
 Parallel Workers: 2
 Concurrent Workers: 1
 Concurrent Refinement Workers: 2
 Periodic GC: Disabled
Heap:
 garbage-first heap   total 22528K, used 9132K [0x00000000c2c00000, 0x0000000100000000)
  region size 1024K, 2 young (2048K), 1 survivors (1024K)
 Metaspace       used 9658K, committed 9856K, reserved 1064960K
  class space    used 1096K, committed 1216K, reserved 1048576K
GC Heap History (20 events):
Event: 1.656 GC heap before
{Heap before GC invocations=5 (full 0):
 garbage-first heap   total 8192K, used 3878K [0x00000000c2c00000, 0x0000000100000000)
  region size 1024K, 2 young (2048K), 1 survivors (1024K)
 Metaspace       used 8158K, committed 8320K, reserved 1064960K
  class space    used 927K, committed 1024K, reserved 1048576K
}
Event: 1.659 GC heap after
{Heap after GC invocations=6 (full 0):
 garbage-first heap   total 10240K, used 3319K [0x00000000c2c00000, 0x0000000100000000)
  region size 1024K, 1 young (1024K), 1 survivors (1024K)
 Metaspace       used 8158K, committed 8320K, reserved 1064960K
  class space    used 927K, committed 1024K, reserved 1048576K
}
Event: 1.965 GC heap before
{Heap before GC invocations=6 (full 0):
 garbage-first heap   total 10240K, used 5367K [0x00000000c2c00000, 0x0000000100000000)
  region size 1024K, 3 young (3072K), 1 survivors (1024K)
 Metaspace       used 8788K, committed 9024K, reserved 1064960K
  class space    used 1009K, committed 1152K, reserved 1048576K
}
Event: 1.968 GC heap after
{Heap after GC invocations=7 (full 0):
 garbage-first heap   total 10240K, used 4129K [0x00000000c2c00000, 0x0000000100000000)
  region size 1024K, 1 young (1024K), 1 survivors (1024K)
 Metaspace       used 8788K, committed 9024K, reserved 1064960K
  class space    used 1009K, committed 1152K, reserved 1048576K
}
Event: 2.018 GC heap before
{Heap before GC invocations=7 (full 0):
 garbage-first heap   total 10240K, used 5153K [0x00000000c2c00000, 0x0000000100000000)
  region size 1024K, 2 young (2048K), 1 survivors (1024K)
 Metaspace       used 8817K, committed 9024K, reserved 1064960K
  class space    used 1009K, committed 1152K, reserved 1048576K
}
Event: 2.027 GC heap after
{Heap after GC invocations=8 (full 0):
 garbage-first heap   total 10240K, used 4422K [0x00000000c2c00000, 0x0000000100000000)
  region size 1024K, 1 young (1024K), 1 survivors (1024K)
 Metaspace       used 8817K, committed 9024K, reserved 1064960K
  class space    used 1009K, committed 1152K, reserved 1048576K
}
Event: 2.082 GC heap before
{Heap before GC invocations=8 (full 0):
 garbage-first heap   total 10240K, used 5446K [0x00000000c2c00000, 0x0000000100000000)
  region size 1024K, 2 young (2048K), 1 survivors (1024K)
 Metaspace       used 8869K, committed 9088K, reserved 1064960K
  class space    used 1009K, committed 1152K, reserved 1048576K
}
Event: 2.083 GC heap after
{Heap after GC invocations=9 (full 0):
 garbage-first heap   total 10240K, used 4417K [0x00000000c2c00000, 0x0000000100000000)
  region size 1024K, 1 young (1024K), 1 survivors (1024K)
 Metaspace       used 8869K, committed 9088K, reserved 1064960K
  class space    used 1009K, committed 1152K, reserved 1048576K
}
Event: 2.183 GC heap before
{Heap before GC invocations=9 (full 0):
 garbage-first heap   total 10240K, used 5441K [0x00000000c2c00000, 0x0000000100000000)
  region size 1024K, 2 young (2048K), 1 survivors (1024K)
 Metaspace       used 8994K, committed 9216K, reserved 1064960K
  class space    used 1026K, committed 1152K, reserved 1048576K
}
Event: 2.185 GC heap after
{Heap after GC invocations=10 (full 0):
 garbage-first heap   total 16384K, used 4579K [0x00000000c2c00000, 0x0000000100000000)
  region size 1024K, 1 young (1024K), 1 survivors (1024K)
 Metaspace       used 8994K, committed 9216K, reserved 1064960K
  class space    used 1026K, committed 1152K, reserved 1048576K
}
Event: 2.253 GC heap before
{Heap before GC invocations=10 (full 0):
 garbage-first heap   total 16384K, used 8675K [0x00000000c2c00000, 0x0000000100000000)
  region size 1024K, 5 young (5120K), 1 survivors (1024K)
 Metaspace       used 9047K, committed 9280K, reserved 1064960K
  class space    used 1029K, committed 1152K, reserved 1048576K
}
Event: 2.257 GC heap after
{Heap after GC invocations=11 (full 0):
 garbage-first heap   total 16384K, used 5225K [0x00000000c2c00000, 0x0000000100000000)
  region size 1024K, 1 young (1024K), 1 survivors (1024K)
 Metaspace       used 9047K, committed 9280K, reserved 1064960K
  class space    used 1029K, committed 1152K, reserved 1048576K
}
Event: 2.356 GC heap before
{Heap before GC invocations=11 (full 0):
 garbage-first heap   total 16384K, used 9321K [0x00000000c2c00000, 0x0000000100000000)
  region size 1024K, 5 young (5120K), 1 survivors (1024K)
 Metaspace       used 9114K, committed 9344K, reserved 1064960K
  class space    used 1035K, committed 1152K, reserved 1048576K
}
Event: 2.360 GC heap after
{Heap after GC invocations=12 (full 0):
 garbage-first heap   total 16384K, used 6085K [0x00000000c2c00000, 0x0000000100000000)
  region size 1024K, 1 young (1024K), 1 survivors (1024K)
 Metaspace       used 9114K, committed 9344K, reserved 1064960K
  class space    used 1035K, committed 1152K, reserved 1048576K
}
Event: 2.476 GC heap before
{Heap before GC invocations=12 (full 0):
 garbage-first heap   total 16384K, used 9157K [0x00000000c2c00000, 0x0000000100000000)
  region size 1024K, 4 young (4096K), 1 survivors (1024K)
 Metaspace       used 9211K, committed 9408K, reserved 1064960K
  class space    used 1045K, committed 1152K, reserved 1048576K
}
Event: 2.479 GC heap after
{Heap after GC invocations=13 (full 0):
 garbage-first heap   total 16384K, used 6692K [0x00000000c2c00000, 0x0000000100000000)
  region size 1024K, 1 young (1024K), 1 survivors (1024K)
 Metaspace       used 9211K, committed 9408K, reserved 1064960K
  class space    used 1045K, committed 1152K, reserved 1048576K
}
Event: 2.546 GC heap before
{Heap before GC invocations=13 (full 0):
 garbage-first heap   total 16384K, used 10788K [0x00000000c2c00000, 0x0000000100000000)
  region size 1024K, 5 young (5120K), 1 survivors (1024K)
 Metaspace       used 9212K, committed 9408K, reserved 1064960K
  class space    used 1045K, committed 1152K, reserved 1048576K
}
Event: 2.551 GC heap after
{Heap after GC invocations=14 (full 0):
 garbage-first heap   total 22528K, used 7662K [0x00000000c2c00000, 0x0000000100000000)
  region size 1024K, 1 young (1024K), 1 survivors (1024K)
 Metaspace       used 9212K, committed 9408K, reserved 1064960K
  class space    used 1045K, committed 1152K, reserved 1048576K
}
Event: 2.818 GC heap before
{Heap before GC invocations=14 (full 0):
 garbage-first heap   total 22528K, used 13806K [0x00000000c2c00000, 0x0000000100000000)
  region size 1024K, 7 young (7168K), 1 survivors (1024K)
 Metaspace       used 9393K, committed 9664K, reserved 1064960K
  class space    used 1068K, committed 1216K, reserved 1048576K
}
Event: 2.823 GC heap after
{Heap after GC invocations=15 (full 0):
 garbage-first heap   total 22528K, used 9132K [0x00000000c2c00000, 0x0000000100000000)
  region size 1024K, 1 young (1024K), 1 survivors (1024K)
 Metaspace       used 9393K, committed 9664K, reserved 1064960K
  class space    used 1068K, committed 1216K, reserved 1048576K
}

